****************
Message de connexion d'un joueur
j2 a rejoint la partie
on répond avec ReponsePokerMessage | j2
****************
j1nous a accepté
****************
j2nous a accepté
****************
Message de connexion d'un joueur
j3 a rejoint la partie
on répond avec ReponsePokerMessage | j2
****************
Préparation et lancement de la numérotation
****************
Traitement de la numérotation
****************
Traitement de la numérotation
****************
Traitement de la numérotation
****************
Traitement de la réponse de numérotation de j1
****************
Traitement de la numérotation
****************
Traitement de la numérotation
****************
Traitement de la réponse de numérotation de j1
****************
Traitement de la réponse de numérotation de j1
****************
Traitement de la réponse de numérotation de j1
****************
Traitement de la numérotation
****************
Message de connexion d'un joueur
****************
Traitement de la réponse de numérotation de j1
****************
Traitement de la numérotation
****************
Traitement de la réponse de numérotation de j1
****************
Traitement de la numérotation
****************
Traitement de la réponse de numérotation de j1
****************
Traitement de la réponse de numérotation de j1
****************
Message de connexion d'un joueur
****************
Traitement de la numérotation
****************
Traitement de la réponse de numérotation de j1
****************
Traitement de la numérotation
****************
Traitement de la réponse de numérotation de j1
****************
Traitement de la réponse de numérotation de j1
****************
Traitement de la numérotation
****************
Traitement de la réponse de numérotation de j1
****************
Traitement de la réponse de numérotation de j1
****************
Traitement de la réponse de numérotation de j1
****************
Message de connexion d'un joueur
****************
Début de l'élection
****************
Début de l'élection
****************
Initialisation de l'échange
POn veut échanger 4 cartes
****************
Initialisation de l'échange
POn veut échanger 5 cartes
****************
Début de l'élection
****************
Réception des cartes
****************
Réception des cartes
****************
Réception des cartes
****************
Réception des cartes
****************
Réception du résultat de l'élection
****************
Réception des cartes
****************
j1veut échanger des cartes
****************
j1veut échanger des cartes
****************
j1veut échanger des cartes
****************
j3veut échanger des cartes
****************
j3veut échanger des cartes
****************
j3veut échanger des cartes
****************
Initialisation de l'échange
POn veut échanger 5 cartes
****************
j2veut échanger des cartes
****************
On  a reçut un 9 : Carreau
POn veut échanger 4 cartes
****************
j2veut échanger des cartes
****************
On  a reçut un 5 : Coeur
POn veut échanger 3 cartes
****************
j2veut échanger des cartes
****************
On  a reçut un 4 : Trefle
POn veut échanger 2 cartes
****************
j2veut échanger des cartes
****************
On  a reçut un 2 : Pique
POn veut échanger 1 cartes
****************
j2veut échanger des cartes
****************
On  a reçut un Valet : Pique
Fin de l'échange, on passe le jeton à j1
****************
j1veut échanger des cartes
****************
j1veut échanger des cartes
****************
j1veut échanger des cartes
****************
j1veut échanger des cartes
****************
j3veut échanger des cartes
****************
j3veut échanger des cartes
****************
j3veut échanger des cartes
****************
j3veut échanger des cartes
****************
j3veut échanger des cartes
****************
Initialisation de l'échange
POn veut échanger 3 cartes
****************
j2veut échanger des cartes
