****************
Message de connexion d'un joueur
j3 a rejoint la partie
on répond avec ReponsePokerMessage | j3
****************
j1nous a accepté
****************
j3nous a accepté
****************
j2nous a accepté
****************
Préparation et lancement de la numérotation
****************
Traitement de la numérotation
****************
Traitement de la numérotation
****************
Traitement de la numérotation
****************
Traitement de la réponse de numérotation de j1
****************
Traitement de la numérotation
****************
Traitement de la numérotation
****************
Traitement de la réponse de numérotation de j1
****************
Traitement de la numérotation
****************
Message de connexion d'un joueur
****************
Traitement de la numérotation
****************
Traitement de la numérotation
****************
Message de connexion d'un joueur
****************
Traitement de la numérotation
****************
Traitement de la numérotation
****************
Traitement de la numérotation
****************
Message de connexion d'un joueur
****************
Début de l'élection
****************
Initialisation de l'échange
POn veut échanger 3 cartes
****************
Début de l'élection
****************
Réception des cartes
****************
Initialisation de l'échange
POn veut échanger 5 cartes
****************
Réception des cartes
****************
Réception des cartes
****************
Réception des cartes
****************
Initialisation de l'échange
POn veut échanger 5 cartes
****************
Réception du résultat de l'élection
****************
Réception des cartes
****************
Initialisation de l'échange
POn veut échanger 3 cartes
****************
On  a reçut un 4 : Coeur
POn veut échanger 2 cartes
****************
On  a reçut un Dame : Carreau
POn veut échanger 1 cartes
****************
On  a reçut un 2 : Coeur
Fin de l'échange, on passe le jeton à j2
****************
Initialisation de l'échange
POn veut échanger 5 cartes
****************
On  a reçut un 3 : Coeur
POn veut échanger 4 cartes
****************
On  a reçut un 4 : Carreau
POn veut échanger 3 cartes
****************
On  a reçut un 9 : Coeur
POn veut échanger 2 cartes
****************
On  a reçut un 8 : Pique
POn veut échanger 1 cartes
****************
On  a reçut un 3 : Pique
Fin de l'échange, on passe le jeton à j2
